<?xml version="1.0" encoding="UTF-8"?>
<!-- Generated by org.testng.reporters.JUnitReportReporter -->
<testsuite hostname="DESKTOP-KV6KFM7" failures="0" tests="1" name="com.rgp.testscript.CustomerModule" time="24.936" errors="0" timestamp="2024-04-14T11:22:21 IST" skipped="0">
  <testcase classname="com.rgp.testscript.CustomerModule" name="addAndDeleteCustomer" time="24.936">
    <system-out>
      <![CDATA[addAndDeleteCustomerhas got Passed]]>
    </system-out>
  </testcase> <!-- addAndDeleteCustomer -->
  <system-out>
    <![CDATA[Open Browser
login
addAndDeleteCustomerhas got Passed
logout
closeBrowser]]>
  </system-out>
</testsuite> <!-- com.rgp.testscript.CustomerModule -->
